[2021-07-05 14:15:49] local.ERROR: No application encryption key has been specified. {"exception":"[object] (Illuminate\\Encryption\\MissingAppKeyException(code: 0): No application encryption key has been specified. at /home/theresa/Documents/Seminarfach/simple-blog-3-master/vendor/laravel/framework/src/Illuminate/Encryption/EncryptionServiceProvider.php:79)
[stacktrace]
#0 /home/theresa/Documents/Seminarfach/simple-blog-3-master/vendor/laravel/framework/src/Illuminate/Support/helpers.php(263): Illuminate\\Encryption\\EncryptionServiceProvider->Illuminate\\Encryption\\{closure}()
#1 /home/theresa/Documents/Seminarfach/simple-blog-3-master/vendor/laravel/framework/src/Illuminate/Encryption/EncryptionServiceProvider.php(81): tap()
#2 /home/theresa/Documents/Seminarfach/simple-blog-3-master/vendor/laravel/framework/src/Illuminate/Encryption/EncryptionServiceProvider.php(60): Illuminate\\Encryption\\EncryptionServiceProvider->key()
#3 /home/theresa/Documents/Seminarfach/simple-blog-3-master/vendor/laravel/framework/src/Illuminate/Encryption/EncryptionServiceProvider.php(32): Illuminate\\Encryption\\EncryptionServiceProvider->parseKey()
#4 /home/theresa/Documents/Seminarfach/simple-blog-3-master/vendor/laravel/framework/src/Illuminate/Container/Container.php(826): Illuminate\\Encryption\\EncryptionServiceProvider->Illuminate\\Encryption\\{closure}()
#5 /home/theresa/Documents/Seminarfach/simple-blog-3-master/vendor/laravel/framework/src/Illuminate/Container/Container.php(712): Illuminate\\Container\\Container->build()
#6 /home/theresa/Documents/Seminarfach/simple-blog-3-master/vendor/laravel/framework/src/Illuminate/Foundation/Application.php(841): Illuminate\\Container\\Container->resolve()
#7 /home/theresa/Documents/Seminarfach/simple-blog-3-master/vendor/laravel/framework/src/Illuminate/Container/Container.php(651): Illuminate\\Foundation\\Application->resolve()
#8 /home/theresa/Documents/Seminarfach/simple-blog-3-master/vendor/laravel/framework/src/Illuminate/Foundation/Application.php(826): Illuminate\\Container\\Container->make()
#9 /home/theresa/Documents/Seminarfach/simple-blog-3-master/vendor/laravel/framework/src/Illuminate/Container/Container.php(980): Illuminate\\Foundation\\Application->make()
#10 /home/theresa/Documents/Seminarfach/simple-blog-3-master/vendor/laravel/framework/src/Illuminate/Container/Container.php(900): Illuminate\\Container\\Container->resolveClass()
#11 /home/theresa/Documents/Seminarfach/simple-blog-3-master/vendor/laravel/framework/src/Illuminate/Container/Container.php(861): Illuminate\\Container\\Container->resolveDependencies()
#12 /home/theresa/Documents/Seminarfach/simple-blog-3-master/vendor/laravel/framework/src/Illuminate/Container/Container.php(712): Illuminate\\Container\\Container->build()
#13 /home/theresa/Documents/Seminarfach/simple-blog-3-master/vendor/laravel/framework/src/Illuminate/Foundation/Application.php(841): Illuminate\\Container\\Container->resolve()
#14 /home/theresa/Documents/Seminarfach/simple-blog-3-master/vendor/laravel/framework/src/Illuminate/Container/Container.php(651): Illuminate\\Foundation\\Application->resolve()
#15 /home/theresa/Documents/Seminarfach/simple-blog-3-master/vendor/laravel/framework/src/Illuminate/Foundation/Application.php(826): Illuminate\\Container\\Container->make()
#16 /home/theresa/Documents/Seminarfach/simple-blog-3-master/vendor/laravel/framework/src/Illuminate/Pipeline/Pipeline.php(156): Illuminate\\Foundation\\Application->make()
#17 /home/theresa/Documents/Seminarfach/simple-blog-3-master/vendor/laravel/framework/src/Illuminate/Pipeline/Pipeline.php(103): Illuminate\\Pipeline\\Pipeline->Illuminate\\Pipeline\\{closure}()
#18 /home/theresa/Documents/Seminarfach/simple-blog-3-master/vendor/laravel/framework/src/Illuminate/Routing/Router.php(695): Illuminate\\Pipeline\\Pipeline->then()
#19 /home/theresa/Documents/Seminarfach/simple-blog-3-master/vendor/laravel/framework/src/Illuminate/Routing/Router.php(670): Illuminate\\Routing\\Router->runRouteWithinStack()
#20 /home/theresa/Documents/Seminarfach/simple-blog-3-master/vendor/laravel/framework/src/Illuminate/Routing/Router.php(636): Illuminate\\Routing\\Router->runRoute()
#21 /home/theresa/Documents/Seminarfach/simple-blog-3-master/vendor/laravel/framework/src/Illuminate/Routing/Router.php(625): Illuminate\\Routing\\Router->dispatchToRoute()
#22 /home/theresa/Documents/Seminarfach/simple-blog-3-master/vendor/laravel/framework/src/Illuminate/Foundation/Http/Kernel.php(166): Illuminate\\Routing\\Router->dispatch()
#23 /home/theresa/Documents/Seminarfach/simple-blog-3-master/vendor/laravel/framework/src/Illuminate/Pipeline/Pipeline.php(128): Illuminate\\Foundation\\Http\\Kernel->Illuminate\\Foundation\\Http\\{closure}()
#24 /home/theresa/Documents/Seminarfach/simple-blog-3-master/vendor/laravel/framework/src/Illuminate/Foundation/Http/Middleware/TransformsRequest.php(21): Illuminate\\Pipeline\\Pipeline->Illuminate\\Pipeline\\{closure}()
#25 /home/theresa/Documents/Seminarfach/simple-blog-3-master/vendor/laravel/framework/src/Illuminate/Pipeline/Pipeline.php(167): Illuminate\\Foundation\\Http\\Middleware\\TransformsRequest->handle()
#26 /home/theresa/Documents/Seminarfach/simple-blog-3-master/vendor/laravel/framework/src/Illuminate/Foundation/Http/Middleware/TransformsRequest.php(21): Illuminate\\Pipeline\\Pipeline->Illuminate\\Pipeline\\{closure}()
#27 /home/theresa/Documents/Seminarfach/simple-blog-3-master/vendor/laravel/framework/src/Illuminate/Pipeline/Pipeline.php(167): Illuminate\\Foundation\\Http\\Middleware\\TransformsRequest->handle()
#28 /home/theresa/Documents/Seminarfach/simple-blog-3-master/vendor/laravel/framework/src/Illuminate/Foundation/Http/Middleware/ValidatePostSize.php(27): Illuminate\\Pipeline\\Pipeline->Illuminate\\Pipeline\\{closure}()
#29 /home/theresa/Documents/Seminarfach/simple-blog-3-master/vendor/laravel/framework/src/Illuminate/Pipeline/Pipeline.php(167): Illuminate\\Foundation\\Http\\Middleware\\ValidatePostSize->handle()
#30 /home/theresa/Documents/Seminarfach/simple-blog-3-master/vendor/laravel/framework/src/Illuminate/Foundation/Http/Middleware/PreventRequestsDuringMaintenance.php(86): Illuminate\\Pipeline\\Pipeline->Illuminate\\Pipeline\\{closure}()
#31 /home/theresa/Documents/Seminarfach/simple-blog-3-master/vendor/laravel/framework/src/Illuminate/Pipeline/Pipeline.php(167): Illuminate\\Foundation\\Http\\Middleware\\PreventRequestsDuringMaintenance->handle()
#32 /home/theresa/Documents/Seminarfach/simple-blog-3-master/vendor/fruitcake/laravel-cors/src/HandleCors.php(37): Illuminate\\Pipeline\\Pipeline->Illuminate\\Pipeline\\{closure}()
#33 /home/theresa/Documents/Seminarfach/simple-blog-3-master/vendor/laravel/framework/src/Illuminate/Pipeline/Pipeline.php(167): Fruitcake\\Cors\\HandleCors->handle()
#34 /home/theresa/Documents/Seminarfach/simple-blog-3-master/vendor/fideloper/proxy/src/TrustProxies.php(57): Illuminate\\Pipeline\\Pipeline->Illuminate\\Pipeline\\{closure}()
#35 /home/theresa/Documents/Seminarfach/simple-blog-3-master/vendor/laravel/framework/src/Illuminate/Pipeline/Pipeline.php(167): Fideloper\\Proxy\\TrustProxies->handle()
#36 /home/theresa/Documents/Seminarfach/simple-blog-3-master/vendor/laravel/framework/src/Illuminate/Pipeline/Pipeline.php(103): Illuminate\\Pipeline\\Pipeline->Illuminate\\Pipeline\\{closure}()
#37 /home/theresa/Documents/Seminarfach/simple-blog-3-master/vendor/laravel/framework/src/Illuminate/Foundation/Http/Kernel.php(141): Illuminate\\Pipeline\\Pipeline->then()
#38 /home/theresa/Documents/Seminarfach/simple-blog-3-master/vendor/laravel/framework/src/Illuminate/Foundation/Http/Kernel.php(110): Illuminate\\Foundation\\Http\\Kernel->sendRequestThroughRouter()
#39 /home/theresa/Documents/Seminarfach/simple-blog-3-master/public/index.php(55): Illuminate\\Foundation\\Http\\Kernel->handle()
#40 /home/theresa/Documents/Seminarfach/simple-blog-3-master/server.php(21): require_once('/home/theresa/D...')
#41 {main}
"} 
[2021-07-05 14:15:49] local.ERROR: No application encryption key has been specified. {"exception":"[object] (Illuminate\\Encryption\\MissingAppKeyException(code: 0): No application encryption key has been specified. at /home/theresa/Documents/Seminarfach/simple-blog-3-master/vendor/laravel/framework/src/Illuminate/Encryption/EncryptionServiceProvider.php:79)
[stacktrace]
#0 /home/theresa/Documents/Seminarfach/simple-blog-3-master/vendor/laravel/framework/src/Illuminate/Support/helpers.php(263): Illuminate\\Encryption\\EncryptionServiceProvider->Illuminate\\Encryption\\{closure}()
#1 /home/theresa/Documents/Seminarfach/simple-blog-3-master/vendor/laravel/framework/src/Illuminate/Encryption/EncryptionServiceProvider.php(81): tap()
#2 /home/theresa/Documents/Seminarfach/simple-blog-3-master/vendor/laravel/framework/src/Illuminate/Encryption/EncryptionServiceProvider.php(60): Illuminate\\Encryption\\EncryptionServiceProvider->key()
#3 /home/theresa/Documents/Seminarfach/simple-blog-3-master/vendor/laravel/framework/src/Illuminate/Encryption/EncryptionServiceProvider.php(32): Illuminate\\Encryption\\EncryptionServiceProvider->parseKey()
#4 /home/theresa/Documents/Seminarfach/simple-blog-3-master/vendor/laravel/framework/src/Illuminate/Container/Container.php(826): Illuminate\\Encryption\\EncryptionServiceProvider->Illuminate\\Encryption\\{closure}()
#5 /home/theresa/Documents/Seminarfach/simple-blog-3-master/vendor/laravel/framework/src/Illuminate/Container/Container.php(712): Illuminate\\Container\\Container->build()
#6 /home/theresa/Documents/Seminarfach/simple-blog-3-master/vendor/laravel/framework/src/Illuminate/Foundation/Application.php(841): Illuminate\\Container\\Container->resolve()
#7 /home/theresa/Documents/Seminarfach/simple-blog-3-master/vendor/laravel/framework/src/Illuminate/Container/Container.php(651): Illuminate\\Foundation\\Application->resolve()
#8 /home/theresa/Documents/Seminarfach/simple-blog-3-master/vendor/laravel/framework/src/Illuminate/Foundation/Application.php(826): Illuminate\\Container\\Container->make()
#9 /home/theresa/Documents/Seminarfach/simple-blog-3-master/vendor/laravel/framework/src/Illuminate/Container/Container.php(980): Illuminate\\Foundation\\Application->make()
#10 /home/theresa/Documents/Seminarfach/simple-blog-3-master/vendor/laravel/framework/src/Illuminate/Container/Container.php(900): Illuminate\\Container\\Container->resolveClass()
#11 /home/theresa/Documents/Seminarfach/simple-blog-3-master/vendor/laravel/framework/src/Illuminate/Container/Container.php(861): Illuminate\\Container\\Container->resolveDependencies()
#12 /home/theresa/Documents/Seminarfach/simple-blog-3-master/vendor/laravel/framework/src/Illuminate/Container/Container.php(712): Illuminate\\Container\\Container->build()
#13 /home/theresa/Documents/Seminarfach/simple-blog-3-master/vendor/laravel/framework/src/Illuminate/Foundation/Application.php(841): Illuminate\\Container\\Container->resolve()
#14 /home/theresa/Documents/Seminarfach/simple-blog-3-master/vendor/laravel/framework/src/Illuminate/Container/Container.php(651): Illuminate\\Foundation\\Application->resolve()
#15 /home/theresa/Documents/Seminarfach/simple-blog-3-master/vendor/laravel/framework/src/Illuminate/Foundation/Application.php(826): Illuminate\\Container\\Container->make()
#16 /home/theresa/Documents/Seminarfach/simple-blog-3-master/vendor/laravel/framework/src/Illuminate/Foundation/Http/Kernel.php(205): Illuminate\\Foundation\\Application->make()
#17 /home/theresa/Documents/Seminarfach/simple-blog-3-master/vendor/laravel/framework/src/Illuminate/Foundation/Http/Kernel.php(179): Illuminate\\Foundation\\Http\\Kernel->terminateMiddleware()
#18 /home/theresa/Documents/Seminarfach/simple-blog-3-master/public/index.php(60): Illuminate\\Foundation\\Http\\Kernel->terminate()
#19 /home/theresa/Documents/Seminarfach/simple-blog-3-master/server.php(21): require_once('/home/theresa/D...')
#20 {main}
"} 
[2021-07-05 14:15:55] local.ERROR: SQLSTATE[HY000] [1049] Unknown database 'simple-blog' (SQL: select * from `posts`) {"exception":"[object] (Illuminate\\Database\\QueryException(code: 1049): SQLSTATE[HY000] [1049] Unknown database 'simple-blog' (SQL: select * from `posts`) at /home/theresa/Documents/Seminarfach/simple-blog-3-master/vendor/laravel/framework/src/Illuminate/Database/Connection.php:678)
[stacktrace]
#0 /home/theresa/Documents/Seminarfach/simple-blog-3-master/vendor/laravel/framework/src/Illuminate/Database/Connection.php(638): Illuminate\\Database\\Connection->runQueryCallback()
#1 /home/theresa/Documents/Seminarfach/simple-blog-3-master/vendor/laravel/framework/src/Illuminate/Database/Connection.php(346): Illuminate\\Database\\Connection->run()
#2 /home/theresa/Documents/Seminarfach/simple-blog-3-master/vendor/laravel/framework/src/Illuminate/Database/Query/Builder.php(2313): Illuminate\\Database\\Connection->select()
#3 /home/theresa/Documents/Seminarfach/simple-blog-3-master/vendor/laravel/framework/src/Illuminate/Database/Query/Builder.php(2301): Illuminate\\Database\\Query\\Builder->runSelect()
#4 /home/theresa/Documents/Seminarfach/simple-blog-3-master/vendor/laravel/framework/src/Illuminate/Database/Query/Builder.php(2796): Illuminate\\Database\\Query\\Builder->Illuminate\\Database\\Query\\{closure}()
#5 /home/theresa/Documents/Seminarfach/simple-blog-3-master/vendor/laravel/framework/src/Illuminate/Database/Query/Builder.php(2302): Illuminate\\Database\\Query\\Builder->onceWithColumns()
#6 /home/theresa/Documents/Seminarfach/simple-blog-3-master/vendor/laravel/framework/src/Illuminate/Database/Eloquent/Builder.php(588): Illuminate\\Database\\Query\\Builder->get()
#7 /home/theresa/Documents/Seminarfach/simple-blog-3-master/vendor/laravel/framework/src/Illuminate/Database/Eloquent/Builder.php(572): Illuminate\\Database\\Eloquent\\Builder->getModels()
#8 /home/theresa/Documents/Seminarfach/simple-blog-3-master/vendor/laravel/framework/src/Illuminate/Database/Eloquent/Model.php(477): Illuminate\\Database\\Eloquent\\Builder->get()
#9 /home/theresa/Documents/Seminarfach/simple-blog-3-master/app/Http/Controllers/HomeController.php(14): Illuminate\\Database\\Eloquent\\Model::all()
#10 /home/theresa/Documents/Seminarfach/simple-blog-3-master/vendor/laravel/framework/src/Illuminate/Routing/Controller.php(54): App\\Http\\Controllers\\HomeController->index()
#11 /home/theresa/Documents/Seminarfach/simple-blog-3-master/vendor/laravel/framework/src/Illuminate/Routing/ControllerDispatcher.php(45): Illuminate\\Routing\\Controller->callAction()
#12 /home/theresa/Documents/Seminarfach/simple-blog-3-master/vendor/laravel/framework/src/Illuminate/Routing/Route.php(254): Illuminate\\Routing\\ControllerDispatcher->dispatch()
#13 /home/theresa/Documents/Seminarfach/simple-blog-3-master/vendor/laravel/framework/src/Illuminate/Routing/Route.php(197): Illuminate\\Routing\\Route->runController()
#14 /home/theresa/Documents/Seminarfach/simple-blog-3-master/vendor/laravel/framework/src/Illuminate/Routing/Router.php(693): Illuminate\\Routing\\Route->run()
#15 /home/theresa/Documents/Seminarfach/simple-blog-3-master/vendor/laravel/framework/src/Illuminate/Pipeline/Pipeline.php(128): Illuminate\\Routing\\Router->Illuminate\\Routing\\{closure}()
#16 /home/theresa/Documents/Seminarfach/simple-blog-3-master/vendor/laravel/framework/src/Illuminate/Routing/Middleware/SubstituteBindings.php(50): Illuminate\\Pipeline\\Pipeline->Illuminate\\Pipeline\\{closure}()
#17 /home/theresa/Documents/Seminarfach/simple-blog-3-master/vendor/laravel/framework/src/Illuminate/Pipeline/Pipeline.php(167): Illuminate\\Routing\\Middleware\\SubstituteBindings->handle()
#18 /home/theresa/Documents/Seminarfach/simple-blog-3-master/vendor/laravel/framework/src/Illuminate/Foundation/Http/Middleware/VerifyCsrfToken.php(78): Illuminate\\Pipeline\\Pipeline->Illuminate\\Pipeline\\{closure}()
#19 /home/theresa/Documents/Seminarfach/simple-blog-3-master/vendor/laravel/framework/src/Illuminate/Pipeline/Pipeline.php(167): Illuminate\\Foundation\\Http\\Middleware\\VerifyCsrfToken->handle()
#20 /home/theresa/Documents/Seminarfach/simple-blog-3-master/vendor/laravel/framework/src/Illuminate/View/Middleware/ShareErrorsFromSession.php(49): Illuminate\\Pipeline\\Pipeline->Illuminate\\Pipeline\\{closure}()
#21 /home/theresa/Documents/Seminarfach/simple-blog-3-master/vendor/laravel/framework/src/Illuminate/Pipeline/Pipeline.php(167): Illuminate\\View\\Middleware\\ShareErrorsFromSession->handle()
#22 /home/theresa/Documents/Seminarfach/simple-blog-3-master/vendor/laravel/framework/src/Illuminate/Session/Middleware/StartSession.php(121): Illuminate\\Pipeline\\Pipeline->Illuminate\\Pipeline\\{closure}()
#23 /home/theresa/Documents/Seminarfach/simple-blog-3-master/vendor/laravel/framework/src/Illuminate/Session/Middleware/StartSession.php(63): Illuminate\\Session\\Middleware\\StartSession->handleStatefulRequest()
#24 /home/theresa/Documents/Seminarfach/simple-blog-3-master/vendor/laravel/framework/src/Illuminate/Pipeline/Pipeline.php(167): Illuminate\\Session\\Middleware\\StartSession->handle()
#25 /home/theresa/Documents/Seminarfach/simple-blog-3-master/vendor/laravel/framework/src/Illuminate/Cookie/Middleware/AddQueuedCookiesToResponse.php(37): Illuminate\\Pipeline\\Pipeline->Illuminate\\Pipeline\\{closure}()
#26 /home/theresa/Documents/Seminarfach/simple-blog-3-master/vendor/laravel/framework/src/Illuminate/Pipeline/Pipeline.php(167): Illuminate\\Cookie\\Middleware\\AddQueuedCookiesToResponse->handle()
#27 /home/theresa/Documents/Seminarfach/simple-blog-3-master/vendor/laravel/framework/src/Illuminate/Cookie/Middleware/EncryptCookies.php(67): Illuminate\\Pipeline\\Pipeline->Illuminate\\Pipeline\\{closure}()
#28 /home/theresa/Documents/Seminarfach/simple-blog-3-master/vendor/laravel/framework/src/Illuminate/Pipeline/Pipeline.php(167): Illuminate\\Cookie\\Middleware\\EncryptCookies->handle()
#29 /home/theresa/Documents/Seminarfach/simple-blog-3-master/vendor/laravel/framework/src/Illuminate/Pipeline/Pipeline.php(103): Illuminate\\Pipeline\\Pipeline->Illuminate\\Pipeline\\{closure}()
#30 /home/theresa/Documents/Seminarfach/simple-blog-3-master/vendor/laravel/framework/src/Illuminate/Routing/Router.php(695): Illuminate\\Pipeline\\Pipeline->then()
#31 /home/theresa/Documents/Seminarfach/simple-blog-3-master/vendor/laravel/framework/src/Illuminate/Routing/Router.php(670): Illuminate\\Routing\\Router->runRouteWithinStack()
#32 /home/theresa/Documents/Seminarfach/simple-blog-3-master/vendor/laravel/framework/src/Illuminate/Routing/Router.php(636): Illuminate\\Routing\\Router->runRoute()
#33 /home/theresa/Documents/Seminarfach/simple-blog-3-master/vendor/laravel/framework/src/Illuminate/Routing/Router.php(625): Illuminate\\Routing\\Router->dispatchToRoute()
#34 /home/theresa/Documents/Seminarfach/simple-blog-3-master/vendor/laravel/framework/src/Illuminate/Foundation/Http/Kernel.php(166): Illuminate\\Routing\\Router->dispatch()
#35 /home/theresa/Documents/Seminarfach/simple-blog-3-master/vendor/laravel/framework/src/Illuminate/Pipeline/Pipeline.php(128): Illuminate\\Foundation\\Http\\Kernel->Illuminate\\Foundation\\Http\\{closure}()
#36 /home/theresa/Documents/Seminarfach/simple-blog-3-master/vendor/laravel/framework/src/Illuminate/Foundation/Http/Middleware/TransformsRequest.php(21): Illuminate\\Pipeline\\Pipeline->Illuminate\\Pipeline\\{closure}()
#37 /home/theresa/Documents/Seminarfach/simple-blog-3-master/vendor/laravel/framework/src/Illuminate/Pipeline/Pipeline.php(167): Illuminate\\Foundation\\Http\\Middleware\\TransformsRequest->handle()
#38 /home/theresa/Documents/Seminarfach/simple-blog-3-master/vendor/laravel/framework/src/Illuminate/Foundation/Http/Middleware/TransformsRequest.php(21): Illuminate\\Pipeline\\Pipeline->Illuminate\\Pipeline\\{closure}()
#39 /home/theresa/Documents/Seminarfach/simple-blog-3-master/vendor/laravel/framework/src/Illuminate/Pipeline/Pipeline.php(167): Illuminate\\Foundation\\Http\\Middleware\\TransformsRequest->handle()
#40 /home/theresa/Documents/Seminarfach/simple-blog-3-master/vendor/laravel/framework/src/Illuminate/Foundation/Http/Middleware/ValidatePostSize.php(27): Illuminate\\Pipeline\\Pipeline->Illuminate\\Pipeline\\{closure}()
#41 /home/theresa/Documents/Seminarfach/simple-blog-3-master/vendor/laravel/framework/src/Illuminate/Pipeline/Pipeline.php(167): Illuminate\\Foundation\\Http\\Middleware\\ValidatePostSize->handle()
#42 /home/theresa/Documents/Seminarfach/simple-blog-3-master/vendor/laravel/framework/src/Illuminate/Foundation/Http/Middleware/PreventRequestsDuringMaintenance.php(86): Illuminate\\Pipeline\\Pipeline->Illuminate\\Pipeline\\{closure}()
#43 /home/theresa/Documents/Seminarfach/simple-blog-3-master/vendor/laravel/framework/src/Illuminate/Pipeline/Pipeline.php(167): Illuminate\\Foundation\\Http\\Middleware\\PreventRequestsDuringMaintenance->handle()
#44 /home/theresa/Documents/Seminarfach/simple-blog-3-master/vendor/fruitcake/laravel-cors/src/HandleCors.php(37): Illuminate\\Pipeline\\Pipeline->Illuminate\\Pipeline\\{closure}()
#45 /home/theresa/Documents/Seminarfach/simple-blog-3-master/vendor/laravel/framework/src/Illuminate/Pipeline/Pipeline.php(167): Fruitcake\\Cors\\HandleCors->handle()
#46 /home/theresa/Documents/Seminarfach/simple-blog-3-master/vendor/fideloper/proxy/src/TrustProxies.php(57): Illuminate\\Pipeline\\Pipeline->Illuminate\\Pipeline\\{closure}()
#47 /home/theresa/Documents/Seminarfach/simple-blog-3-master/vendor/laravel/framework/src/Illuminate/Pipeline/Pipeline.php(167): Fideloper\\Proxy\\TrustProxies->handle()
#48 /home/theresa/Documents/Seminarfach/simple-blog-3-master/vendor/laravel/framework/src/Illuminate/Pipeline/Pipeline.php(103): Illuminate\\Pipeline\\Pipeline->Illuminate\\Pipeline\\{closure}()
#49 /home/theresa/Documents/Seminarfach/simple-blog-3-master/vendor/laravel/framework/src/Illuminate/Foundation/Http/Kernel.php(141): Illuminate\\Pipeline\\Pipeline->then()
#50 /home/theresa/Documents/Seminarfach/simple-blog-3-master/vendor/laravel/framework/src/Illuminate/Foundation/Http/Kernel.php(110): Illuminate\\Foundation\\Http\\Kernel->sendRequestThroughRouter()
#51 /home/theresa/Documents/Seminarfach/simple-blog-3-master/public/index.php(55): Illuminate\\Foundation\\Http\\Kernel->handle()
#52 /home/theresa/Documents/Seminarfach/simple-blog-3-master/server.php(21): require_once('/home/theresa/D...')
#53 {main}

[previous exception] [object] (PDOException(code: 1049): SQLSTATE[HY000] [1049] Unknown database 'simple-blog' at /home/theresa/Documents/Seminarfach/simple-blog-3-master/vendor/laravel/framework/src/Illuminate/Database/Connectors/Connector.php:70)
[stacktrace]
#0 /home/theresa/Documents/Seminarfach/simple-blog-3-master/vendor/laravel/framework/src/Illuminate/Database/Connectors/Connector.php(70): PDO->__construct()
#1 /home/theresa/Documents/Seminarfach/simple-blog-3-master/vendor/laravel/framework/src/Illuminate/Database/Connectors/Connector.php(46): Illuminate\\Database\\Connectors\\Connector->createPdoConnection()
#2 /home/theresa/Documents/Seminarfach/simple-blog-3-master/vendor/laravel/framework/src/Illuminate/Database/Connectors/MySqlConnector.php(24): Illuminate\\Database\\Connectors\\Connector->createConnection()
#3 /home/theresa/Documents/Seminarfach/simple-blog-3-master/vendor/laravel/framework/src/Illuminate/Database/Connectors/ConnectionFactory.php(184): Illuminate\\Database\\Connectors\\MySqlConnector->connect()
#4 [internal function]: Illuminate\\Database\\Connectors\\ConnectionFactory->Illuminate\\Database\\Connectors\\{closure}()
#5 /home/theresa/Documents/Seminarfach/simple-blog-3-master/vendor/laravel/framework/src/Illuminate/Database/Connection.php(939): call_user_func()
#6 /home/theresa/Documents/Seminarfach/simple-blog-3-master/vendor/laravel/framework/src/Illuminate/Database/Connection.php(974): Illuminate\\Database\\Connection->getPdo()
#7 /home/theresa/Documents/Seminarfach/simple-blog-3-master/vendor/laravel/framework/src/Illuminate/Database/Connection.php(412): Illuminate\\Database\\Connection->getReadPdo()
#8 /home/theresa/Documents/Seminarfach/simple-blog-3-master/vendor/laravel/framework/src/Illuminate/Database/Connection.php(338): Illuminate\\Database\\Connection->getPdoForSelect()
#9 /home/theresa/Documents/Seminarfach/simple-blog-3-master/vendor/laravel/framework/src/Illuminate/Database/Connection.php(671): Illuminate\\Database\\Connection->Illuminate\\Database\\{closure}()
#10 /home/theresa/Documents/Seminarfach/simple-blog-3-master/vendor/laravel/framework/src/Illuminate/Database/Connection.php(638): Illuminate\\Database\\Connection->runQueryCallback()
#11 /home/theresa/Documents/Seminarfach/simple-blog-3-master/vendor/laravel/framework/src/Illuminate/Database/Connection.php(346): Illuminate\\Database\\Connection->run()
#12 /home/theresa/Documents/Seminarfach/simple-blog-3-master/vendor/laravel/framework/src/Illuminate/Database/Query/Builder.php(2313): Illuminate\\Database\\Connection->select()
#13 /home/theresa/Documents/Seminarfach/simple-blog-3-master/vendor/laravel/framework/src/Illuminate/Database/Query/Builder.php(2301): Illuminate\\Database\\Query\\Builder->runSelect()
#14 /home/theresa/Documents/Seminarfach/simple-blog-3-master/vendor/laravel/framework/src/Illuminate/Database/Query/Builder.php(2796): Illuminate\\Database\\Query\\Builder->Illuminate\\Database\\Query\\{closure}()
#15 /home/theresa/Documents/Seminarfach/simple-blog-3-master/vendor/laravel/framework/src/Illuminate/Database/Query/Builder.php(2302): Illuminate\\Database\\Query\\Builder->onceWithColumns()
#16 /home/theresa/Documents/Seminarfach/simple-blog-3-master/vendor/laravel/framework/src/Illuminate/Database/Eloquent/Builder.php(588): Illuminate\\Database\\Query\\Builder->get()
#17 /home/theresa/Documents/Seminarfach/simple-blog-3-master/vendor/laravel/framework/src/Illuminate/Database/Eloquent/Builder.php(572): Illuminate\\Database\\Eloquent\\Builder->getModels()
#18 /home/theresa/Documents/Seminarfach/simple-blog-3-master/vendor/laravel/framework/src/Illuminate/Database/Eloquent/Model.php(477): Illuminate\\Database\\Eloquent\\Builder->get()
#19 /home/theresa/Documents/Seminarfach/simple-blog-3-master/app/Http/Controllers/HomeController.php(14): Illuminate\\Database\\Eloquent\\Model::all()
#20 /home/theresa/Documents/Seminarfach/simple-blog-3-master/vendor/laravel/framework/src/Illuminate/Routing/Controller.php(54): App\\Http\\Controllers\\HomeController->index()
#21 /home/theresa/Documents/Seminarfach/simple-blog-3-master/vendor/laravel/framework/src/Illuminate/Routing/ControllerDispatcher.php(45): Illuminate\\Routing\\Controller->callAction()
#22 /home/theresa/Documents/Seminarfach/simple-blog-3-master/vendor/laravel/framework/src/Illuminate/Routing/Route.php(254): Illuminate\\Routing\\ControllerDispatcher->dispatch()
#23 /home/theresa/Documents/Seminarfach/simple-blog-3-master/vendor/laravel/framework/src/Illuminate/Routing/Route.php(197): Illuminate\\Routing\\Route->runController()
#24 /home/theresa/Documents/Seminarfach/simple-blog-3-master/vendor/laravel/framework/src/Illuminate/Routing/Router.php(693): Illuminate\\Routing\\Route->run()
#25 /home/theresa/Documents/Seminarfach/simple-blog-3-master/vendor/laravel/framework/src/Illuminate/Pipeline/Pipeline.php(128): Illuminate\\Routing\\Router->Illuminate\\Routing\\{closure}()
#26 /home/theresa/Documents/Seminarfach/simple-blog-3-master/vendor/laravel/framework/src/Illuminate/Routing/Middleware/SubstituteBindings.php(50): Illuminate\\Pipeline\\Pipeline->Illuminate\\Pipeline\\{closure}()
#27 /home/theresa/Documents/Seminarfach/simple-blog-3-master/vendor/laravel/framework/src/Illuminate/Pipeline/Pipeline.php(167): Illuminate\\Routing\\Middleware\\SubstituteBindings->handle()
#28 /home/theresa/Documents/Seminarfach/simple-blog-3-master/vendor/laravel/framework/src/Illuminate/Foundation/Http/Middleware/VerifyCsrfToken.php(78): Illuminate\\Pipeline\\Pipeline->Illuminate\\Pipeline\\{closure}()
#29 /home/theresa/Documents/Seminarfach/simple-blog-3-master/vendor/laravel/framework/src/Illuminate/Pipeline/Pipeline.php(167): Illuminate\\Foundation\\Http\\Middleware\\VerifyCsrfToken->handle()
#30 /home/theresa/Documents/Seminarfach/simple-blog-3-master/vendor/laravel/framework/src/Illuminate/View/Middleware/ShareErrorsFromSession.php(49): Illuminate\\Pipeline\\Pipeline->Illuminate\\Pipeline\\{closure}()
#31 /home/theresa/Documents/Seminarfach/simple-blog-3-master/vendor/laravel/framework/src/Illuminate/Pipeline/Pipeline.php(167): Illuminate\\View\\Middleware\\ShareErrorsFromSession->handle()
#32 /home/theresa/Documents/Seminarfach/simple-blog-3-master/vendor/laravel/framework/src/Illuminate/Session/Middleware/StartSession.php(121): Illuminate\\Pipeline\\Pipeline->Illuminate\\Pipeline\\{closure}()
#33 /home/theresa/Documents/Seminarfach/simple-blog-3-master/vendor/laravel/framework/src/Illuminate/Session/Middleware/StartSession.php(63): Illuminate\\Session\\Middleware\\StartSession->handleStatefulRequest()
#34 /home/theresa/Documents/Seminarfach/simple-blog-3-master/vendor/laravel/framework/src/Illuminate/Pipeline/Pipeline.php(167): Illuminate\\Session\\Middleware\\StartSession->handle()
#35 /home/theresa/Documents/Seminarfach/simple-blog-3-master/vendor/laravel/framework/src/Illuminate/Cookie/Middleware/AddQueuedCookiesToResponse.php(37): Illuminate\\Pipeline\\Pipeline->Illuminate\\Pipeline\\{closure}()
#36 /home/theresa/Documents/Seminarfach/simple-blog-3-master/vendor/laravel/framework/src/Illuminate/Pipeline/Pipeline.php(167): Illuminate\\Cookie\\Middleware\\AddQueuedCookiesToResponse->handle()
#37 /home/theresa/Documents/Seminarfach/simple-blog-3-master/vendor/laravel/framework/src/Illuminate/Cookie/Middleware/EncryptCookies.php(67): Illuminate\\Pipeline\\Pipeline->Illuminate\\Pipeline\\{closure}()
#38 /home/theresa/Documents/Seminarfach/simple-blog-3-master/vendor/laravel/framework/src/Illuminate/Pipeline/Pipeline.php(167): Illuminate\\Cookie\\Middleware\\EncryptCookies->handle()
#39 /home/theresa/Documents/Seminarfach/simple-blog-3-master/vendor/laravel/framework/src/Illuminate/Pipeline/Pipeline.php(103): Illuminate\\Pipeline\\Pipeline->Illuminate\\Pipeline\\{closure}()
#40 /home/theresa/Documents/Seminarfach/simple-blog-3-master/vendor/laravel/framework/src/Illuminate/Routing/Router.php(695): Illuminate\\Pipeline\\Pipeline->then()
#41 /home/theresa/Documents/Seminarfach/simple-blog-3-master/vendor/laravel/framework/src/Illuminate/Routing/Router.php(670): Illuminate\\Routing\\Router->runRouteWithinStack()
#42 /home/theresa/Documents/Seminarfach/simple-blog-3-master/vendor/laravel/framework/src/Illuminate/Routing/Router.php(636): Illuminate\\Routing\\Router->runRoute()
#43 /home/theresa/Documents/Seminarfach/simple-blog-3-master/vendor/laravel/framework/src/Illuminate/Routing/Router.php(625): Illuminate\\Routing\\Router->dispatchToRoute()
#44 /home/theresa/Documents/Seminarfach/simple-blog-3-master/vendor/laravel/framework/src/Illuminate/Foundation/Http/Kernel.php(166): Illuminate\\Routing\\Router->dispatch()
#45 /home/theresa/Documents/Seminarfach/simple-blog-3-master/vendor/laravel/framework/src/Illuminate/Pipeline/Pipeline.php(128): Illuminate\\Foundation\\Http\\Kernel->Illuminate\\Foundation\\Http\\{closure}()
#46 /home/theresa/Documents/Seminarfach/simple-blog-3-master/vendor/laravel/framework/src/Illuminate/Foundation/Http/Middleware/TransformsRequest.php(21): Illuminate\\Pipeline\\Pipeline->Illuminate\\Pipeline\\{closure}()
#47 /home/theresa/Documents/Seminarfach/simple-blog-3-master/vendor/laravel/framework/src/Illuminate/Pipeline/Pipeline.php(167): Illuminate\\Foundation\\Http\\Middleware\\TransformsRequest->handle()
#48 /home/theresa/Documents/Seminarfach/simple-blog-3-master/vendor/laravel/framework/src/Illuminate/Foundation/Http/Middleware/TransformsRequest.php(21): Illuminate\\Pipeline\\Pipeline->Illuminate\\Pipeline\\{closure}()
#49 /home/theresa/Documents/Seminarfach/simple-blog-3-master/vendor/laravel/framework/src/Illuminate/Pipeline/Pipeline.php(167): Illuminate\\Foundation\\Http\\Middleware\\TransformsRequest->handle()
#50 /home/theresa/Documents/Seminarfach/simple-blog-3-master/vendor/laravel/framework/src/Illuminate/Foundation/Http/Middleware/ValidatePostSize.php(27): Illuminate\\Pipeline\\Pipeline->Illuminate\\Pipeline\\{closure}()
#51 /home/theresa/Documents/Seminarfach/simple-blog-3-master/vendor/laravel/framework/src/Illuminate/Pipeline/Pipeline.php(167): Illuminate\\Foundation\\Http\\Middleware\\ValidatePostSize->handle()
#52 /home/theresa/Documents/Seminarfach/simple-blog-3-master/vendor/laravel/framework/src/Illuminate/Foundation/Http/Middleware/PreventRequestsDuringMaintenance.php(86): Illuminate\\Pipeline\\Pipeline->Illuminate\\Pipeline\\{closure}()
#53 /home/theresa/Documents/Seminarfach/simple-blog-3-master/vendor/laravel/framework/src/Illuminate/Pipeline/Pipeline.php(167): Illuminate\\Foundation\\Http\\Middleware\\PreventRequestsDuringMaintenance->handle()
#54 /home/theresa/Documents/Seminarfach/simple-blog-3-master/vendor/fruitcake/laravel-cors/src/HandleCors.php(37): Illuminate\\Pipeline\\Pipeline->Illuminate\\Pipeline\\{closure}()
#55 /home/theresa/Documents/Seminarfach/simple-blog-3-master/vendor/laravel/framework/src/Illuminate/Pipeline/Pipeline.php(167): Fruitcake\\Cors\\HandleCors->handle()
#56 /home/theresa/Documents/Seminarfach/simple-blog-3-master/vendor/fideloper/proxy/src/TrustProxies.php(57): Illuminate\\Pipeline\\Pipeline->Illuminate\\Pipeline\\{closure}()
#57 /home/theresa/Documents/Seminarfach/simple-blog-3-master/vendor/laravel/framework/src/Illuminate/Pipeline/Pipeline.php(167): Fideloper\\Proxy\\TrustProxies->handle()
#58 /home/theresa/Documents/Seminarfach/simple-blog-3-master/vendor/laravel/framework/src/Illuminate/Pipeline/Pipeline.php(103): Illuminate\\Pipeline\\Pipeline->Illuminate\\Pipeline\\{closure}()
#59 /home/theresa/Documents/Seminarfach/simple-blog-3-master/vendor/laravel/framework/src/Illuminate/Foundation/Http/Kernel.php(141): Illuminate\\Pipeline\\Pipeline->then()
#60 /home/theresa/Documents/Seminarfach/simple-blog-3-master/vendor/laravel/framework/src/Illuminate/Foundation/Http/Kernel.php(110): Illuminate\\Foundation\\Http\\Kernel->sendRequestThroughRouter()
#61 /home/theresa/Documents/Seminarfach/simple-blog-3-master/public/index.php(55): Illuminate\\Foundation\\Http\\Kernel->handle()
#62 /home/theresa/Documents/Seminarfach/simple-blog-3-master/server.php(21): require_once('/home/theresa/D...')
#63 {main}
"} 
